<?xml version="1.0" encoding="UTF-8"?>
<!-- Generated by org.testng.reporters.JUnitXMLReporter -->
<testsuite hostname="FULL155-PRT.local" ignored="2" name="ANCT" tests="2" failures="0" timestamp="2021-03-17T16:45:32 IST" time="112.896" errors="0">
  <testcase name="signIn" time="47.691" classname="com.answerconnect.deployment.testcases.Sign_In_Anct"/>
  <testcase name="statusBar" time="60.814" classname="com.answerconnect.deployment.testcases.StatusBar"/>
  <testcase name="@BeforeTest launchApp" time="0.0" classname="com.answerconnect.app.base.AutomationTest">
    <ignored/>
  </testcase> <!-- @BeforeTest launchApp -->
  <testcase name="@AfterSuite tearDown" time="0.0" classname="com.answerconnect.app.base.AutomationTest">
    <ignored/>
  </testcase> <!-- @AfterSuite tearDown -->
</testsuite> <!-- ANCT -->
